[2026-06-23T22:55:28.987Z] ORBIT SERVER RUNNING ON 8080
[2026-06-23T22:55:28.989Z] Orbit + Ultraviolet running on http://localhost:8080
[2026-06-23T22:55:30.713Z] [SERVER] GET / -> 304 (bare: false ) host: localhost:8080 content-type: unknown
[2026-06-23T22:55:30.936Z] [SERVER] GET /uv/uv.bundle.js?v=3.2.8 -> 304 (bare: false ) host: localhost:8080 content-type: unknown
[2026-06-23T22:55:30.940Z] [SERVER] GET /css/orbit.css?v=20260606 -> 200 (bare: false ) host: localhost:8080 content-type: text/css; charset=UTF-8
[2026-06-23T22:55:31.500Z] [SERVER] GET /js/browser-engine.js?v=20260604 -> 200 (bare: false ) host: localhost:8080 content-type: application/javascript; charset=UTF-8
[2026-06-23T22:55:31.505Z] [SERVER] GET /js/app.js?v=20260604 -> 200 (bare: false ) host: localhost:8080 content-type: application/javascript; charset=UTF-8
[2026-06-23T22:55:33.571Z] [SERVER] GET /sw.js -> 200 (bare: false ) host: localhost:8080 content-type: application/javascript; charset=UTF-8
[2026-06-23T22:55:33.609Z] [SERVER] GET /uv/uv.bundle.js -> 304 (bare: false ) host: localhost:8080 content-type: unknown
[2026-06-23T22:55:34.320Z] [SERVER] GET /uv/uv.config.js -> 304 (bare: false ) host: localhost:8080 content-type: unknown
[2026-06-23T22:55:34.336Z] [SERVER] GET /uv/uv.sw.js -> 304 (bare: false ) host: localhost:8080 content-type: unknown
[2026-06-23T22:55:34.363Z] [SERVER] GET /uv/bare-mux-worker.js -> 304 (bare: false ) host: localhost:8080 content-type: unknown
[2026-06-23T22:55:37.251Z] [SERVER] GET /icons/Brave.png -> 304 (bare: false ) host: localhost:8080 content-type: unknown
[2026-06-23T22:55:39.720Z] [SERVER-BARE] ROUTING to bare: GET /bare/v1/
[2026-06-23T22:55:40.213Z] [SERVER] GET /bare/v1/ -> 200 (bare: true ) host: localhost:8080 content-type: unknown
[2026-06-23T22:55:40.624Z] [SERVER] GET /uv/uv.bundle.js -> 304 (bare: false ) host: localhost:8080 content-type: unknown
[2026-06-23T22:55:40.625Z] [SERVER] GET /uv/uv.client.js -> 304 (bare: false ) host: localhost:8080 content-type: unknown
[2026-06-23T22:55:40.629Z] [SERVER] GET /uv/uv.config.js -> 304 (bare: false ) host: localhost:8080 content-type: unknown
[2026-06-23T22:55:40.631Z] [SERVER-BARE] ROUTING to bare: GET /bare/v1/
[2026-06-23T22:55:40.638Z] [SERVER] GET /uv/uv.handler.js -> 304 (bare: false ) host: localhost:8080 content-type: unknown
[2026-06-23T22:55:40.752Z] [SERVER] GET /bare/v1/ -> 200 (bare: true ) host: localhost:8080 content-type: unknown
[2026-06-23T22:55:40.785Z] [SERVER-BARE] ROUTING to bare: GET /bare/v1/
[2026-06-23T22:55:40.905Z] [SERVER] GET /bare/v1/ -> 200 (bare: true ) host: localhost:8080 content-type: unknown
[2026-06-23T22:55:41.013Z] [SERVER-BARE] ROUTING to bare: GET /bare/v1/
[2026-06-23T22:55:41.040Z] [SERVER] GET /bare/v1/ -> 200 (bare: true ) host: localhost:8080 content-type: unknown
[2026-06-23T22:55:41.044Z] [SERVER-BARE] ROUTING to bare: GET /bare/v1/
[2026-06-23T22:55:41.070Z] [SERVER] GET /bare/v1/ -> 200 (bare: true ) host: localhost:8080 content-type: unknown
[2026-06-23T22:55:41.072Z] [SERVER-BARE] ROUTING to bare: GET /bare/v1/
[2026-06-23T22:55:41.075Z] [SERVER-BARE] ROUTING to bare: GET /bare/v1/
[2026-06-23T22:55:41.081Z] [SERVER-BARE] ROUTING to bare: GET /bare/v1/
[2026-06-23T22:55:41.100Z] [SERVER] GET /bare/v1/ -> 200 (bare: true ) host: localhost:8080 content-type: unknown
[2026-06-23T22:55:41.157Z] [SERVER-BARE] ROUTING to bare: GET /bare/v1/
[2026-06-23T22:55:41.170Z] [SERVER] GET /bare/v1/ -> 200 (bare: true ) host: localhost:8080 content-type: unknown
[2026-06-23T22:55:41.174Z] [SERVER] GET /bare/v1/ -> 200 (bare: true ) host: localhost:8080 content-type: unknown
[2026-06-23T22:55:41.187Z] [SERVER-BARE] ROUTING to bare: GET /bare/v1/
[2026-06-23T22:55:41.191Z] [SERVER] GET /bare/v1/ -> 200 (bare: true ) host: localhost:8080 content-type: unknown
[2026-06-23T22:55:41.280Z] [SERVER] GET /bare/v1/ -> 200 (bare: true ) host: localhost:8080 content-type: unknown
[2026-06-23T22:55:41.281Z] [SERVER-BARE] ROUTING to bare: GET /bare/v1/
[2026-06-23T22:55:41.304Z] [SERVER] GET /bare/v1/ -> 200 (bare: true ) host: localhost:8080 content-type: unknown
[2026-06-23T22:55:41.306Z] [SERVER-BARE] ROUTING to bare: GET /bare/v1/
[2026-06-23T22:55:41.329Z] [SERVER] GET /bare/v1/ -> 200 (bare: true ) host: localhost:8080 content-type: unknown
[2026-06-23T22:55:41.330Z] [SERVER-BARE] ROUTING to bare: GET /bare/v1/
[2026-06-23T22:55:41.435Z] [SERVER] GET /bare/v1/ -> 200 (bare: true ) host: localhost:8080 content-type: unknown
[2026-06-23T22:55:41.436Z] [SERVER-BARE] ROUTING to bare: GET /bare/v1/
[2026-06-23T22:55:41.461Z] [SERVER] GET /bare/v1/ -> 200 (bare: true ) host: localhost:8080 content-type: unknown
[2026-06-23T22:55:41.462Z] [SERVER-BARE] ROUTING to bare: GET /bare/v1/
[2026-06-23T22:55:41.725Z] [SERVER-BARE] ROUTING to bare: GET /bare/v1/
[2026-06-23T22:55:41.774Z] [SERVER] GET /bare/v1/ -> 200 (bare: true ) host: localhost:8080 content-type: unknown
[2026-06-23T22:55:41.774Z] [SERVER-BARE] ROUTING to bare: GET /bare/v1/
[2026-06-23T22:55:41.775Z] [SERVER-BARE] ROUTING to bare: GET /bare/v1/
[2026-06-23T22:55:41.792Z] [SERVER] GET /bare/v1/ -> 200 (bare: true ) host: localhost:8080 content-type: unknown
[2026-06-23T22:55:41.830Z] [SERVER] GET /bare/v1/ -> 200 (bare: true ) host: localhost:8080 content-type: unknown
[2026-06-23T22:55:41.879Z] [SERVER] GET /bare/v1/ -> 200 (bare: true ) host: localhost:8080 content-type: unknown
[2026-06-23T22:55:43.458Z] [SERVER] GET /sw.js -> 304 (bare: false ) host: localhost:8080 content-type: unknown
[2026-06-23T22:55:43.475Z] [SERVER] GET /uv/uv.bundle.js -> 304 (bare: false ) host: localhost:8080 content-type: unknown
[2026-06-23T22:55:43.491Z] [SERVER] GET /uv/uv.config.js -> 304 (bare: false ) host: localhost:8080 content-type: unknown
[2026-06-23T22:55:43.502Z] [SERVER] GET /uv/uv.sw.js -> 304 (bare: false ) host: localhost:8080 content-type: unknown
[2026-06-23T22:55:46.865Z] [SERVER-BARE] ROUTING to bare: GET /bare/v1/
[2026-06-23T22:55:47.151Z] [SERVER] GET /bare/v1/ -> 200 (bare: true ) host: localhost:8080 content-type: unknown
[2026-06-23T22:55:47.275Z] [SERVER] GET /uv/uv.bundle.js -> 304 (bare: false ) host: localhost:8080 content-type: unknown
[2026-06-23T22:55:47.286Z] [SERVER] GET /uv/uv.client.js -> 304 (bare: false ) host: localhost:8080 content-type: unknown
[2026-06-23T22:55:47.297Z] [SERVER] GET /uv/uv.config.js -> 304 (bare: false ) host: localhost:8080 content-type: unknown
[2026-06-23T22:55:47.301Z] [SERVER] GET /uv/uv.handler.js -> 304 (bare: false ) host: localhost:8080 content-type: unknown
[2026-06-23T22:55:47.328Z] [SERVER-BARE] ROUTING to bare: GET /bare/v1/
[2026-06-23T22:55:47.372Z] [SERVER-BARE] ROUTING to bare: GET /bare/v1/
[2026-06-23T22:55:47.434Z] [SERVER] GET /bare/v1/ -> 200 (bare: true ) host: localhost:8080 content-type: unknown
[2026-06-23T22:55:47.521Z] [SERVER-BARE] ROUTING to bare: GET /bare/v1/
[2026-06-23T22:55:47.564Z] [SERVER-BARE] ROUTING to bare: GET /bare/v1/
[2026-06-23T22:55:47.569Z] [SERVER-BARE] ROUTING to bare: GET /bare/v1/
[2026-06-23T22:55:47.573Z] [SERVER-BARE] ROUTING to bare: GET /bare/v1/
[2026-06-23T22:55:47.578Z] [SERVER-BARE] ROUTING to bare: GET /bare/v1/
[2026-06-23T22:55:47.606Z] [SERVER] GET /bare/v1/ -> 200 (bare: true ) host: localhost:8080 content-type: unknown
[2026-06-23T22:55:47.607Z] [SERVER-BARE] ROUTING to bare: GET /bare/v1/
[2026-06-23T22:55:47.625Z] [SERVER] GET /bare/v1/ -> 200 (bare: true ) host: localhost:8080 content-type: unknown
[2026-06-23T22:55:47.626Z] [SERVER-BARE] ROUTING to bare: GET /bare/v1/
[2026-06-23T22:55:47.675Z] [SERVER] GET /bare/v1/ -> 200 (bare: true ) host: localhost:8080 content-type: unknown
[2026-06-23T22:55:47.678Z] [SERVER-BARE] ROUTING to bare: GET /bare/v1/
[2026-06-23T22:55:47.731Z] [SERVER] GET /bare/v1/ -> 200 (bare: true ) host: localhost:8080 content-type: unknown
[2026-06-23T22:55:47.734Z] [SERVER-BARE] ROUTING to bare: GET /bare/v1/
[2026-06-23T22:55:47.771Z] [SERVER] GET /bare/v1/ -> 200 (bare: true ) host: localhost:8080 content-type: unknown
[2026-06-23T22:55:47.778Z] [SERVER-BARE] ROUTING to bare: GET /bare/v1/
[2026-06-23T22:55:47.787Z] [SERVER] GET /bare/v1/ -> 200 (bare: true ) host: localhost:8080 content-type: unknown
[2026-06-23T22:55:47.792Z] [SERVER] GET /bare/v1/ -> 200 (bare: true ) host: localhost:8080 content-type: unknown
[2026-06-23T22:55:47.804Z] [SERVER-BARE] ROUTING to bare: GET /bare/v1/
[2026-06-23T22:55:47.810Z] [SERVER-BARE] ROUTING to bare: GET /bare/v1/
[2026-06-23T22:55:47.839Z] [SERVER] GET /bare/v1/ -> 200 (bare: true ) host: localhost:8080 content-type: unknown
[2026-06-23T22:55:47.845Z] [SERVER] GET /bare/v1/ -> 200 (bare: true ) host: localhost:8080 content-type: unknown
[2026-06-23T22:55:47.878Z] [SERVER-BARE] ROUTING to bare: GET /bare/v1/
[2026-06-23T22:55:48.009Z] [SERVER] GET /bare/v1/ -> 200 (bare: true ) host: localhost:8080 content-type: unknown
[2026-06-23T22:55:48.044Z] [SERVER] GET /bare/v1/ -> 200 (bare: true ) host: localhost:8080 content-type: unknown
[2026-06-23T22:55:48.094Z] [SERVER] GET /bare/v1/ -> 200 (bare: true ) host: localhost:8080 content-type: unknown
[2026-06-23T22:55:48.141Z] [SERVER] GET /bare/v1/ -> 200 (bare: true ) host: localhost:8080 content-type: unknown
[2026-06-23T22:55:48.538Z] [SERVER] GET /bare/v1/ -> 200 (bare: true ) host: localhost:8080 content-type: unknown
[2026-06-23T22:55:49.195Z] [SERVER-BARE] ROUTING to bare: GET /bare/v1/
[2026-06-23T22:55:49.234Z] [SERVER-BARE] ROUTING to bare: GET /bare/v1/
[2026-06-23T22:55:49.266Z] [SERVER] GET /bare/v1/ -> 200 (bare: true ) host: localhost:8080 content-type: unknown
[2026-06-23T22:55:49.291Z] [SERVER] GET /bare/v1/ -> 200 (bare: true ) host: localhost:8080 content-type: unknown
[2026-06-23T22:55:49.444Z] [SERVER-BARE] ROUTING to bare: GET /bare/v1/
[2026-06-23T22:55:49.478Z] [SERVER] GET /bare/v1/ -> 200 (bare: true ) host: localhost:8080 content-type: unknown
[2026-06-23T22:55:49.480Z] [SERVER-BARE] ROUTING to bare: GET /bare/v1/
[2026-06-23T22:55:49.516Z] [SERVER] GET /bare/v1/ -> 200 (bare: true ) host: localhost:8080 content-type: unknown
[2026-06-23T22:55:49.517Z] [SERVER-BARE] ROUTING to bare: GET /bare/v1/
[2026-06-23T22:55:49.551Z] [SERVER-BARE] ROUTING to bare: GET /bare/v1/
[2026-06-23T22:55:49.554Z] [SERVER] GET /bare/v1/ -> 200 (bare: true ) host: localhost:8080 content-type: unknown
[2026-06-23T22:55:49.611Z] [SERVER] GET /bare/v1/ -> 200 (bare: true ) host: localhost:8080 content-type: unknown
[2026-06-23T22:55:49.612Z] [SERVER-BARE] ROUTING to bare: GET /bare/v1/
[2026-06-23T22:55:49.646Z] [SERVER-BARE] ROUTING to bare: GET /bare/v1/
[2026-06-23T22:55:49.675Z] [SERVER] GET /bare/v1/ -> 200 (bare: true ) host: localhost:8080 content-type: unknown
[2026-06-23T22:55:49.681Z] [SERVER] GET /bare/v1/ -> 200 (bare: true ) host: localhost:8080 content-type: unknown
[2026-06-23T22:55:49.681Z] [SERVER-BARE] ROUTING to bare: GET /bare/v1/
[2026-06-23T22:55:49.712Z] [SERVER] GET /bare/v1/ -> 200 (bare: true ) host: localhost:8080 content-type: unknown
[2026-06-23T22:55:49.714Z] [SERVER-BARE] ROUTING to bare: GET /bare/v1/
[2026-06-23T22:55:49.747Z] [SERVER] GET /bare/v1/ -> 200 (bare: true ) host: localhost:8080 content-type: unknown
[2026-06-23T22:55:49.748Z] [SERVER-BARE] ROUTING to bare: GET /bare/v1/
[2026-06-23T22:55:49.783Z] [SERVER-BARE] ROUTING to bare: GET /bare/v1/
[2026-06-23T22:55:49.787Z] [SERVER] GET /bare/v1/ -> 200 (bare: true ) host: localhost:8080 content-type: unknown
[2026-06-23T22:55:49.821Z] [SERVER-BARE] ROUTING to bare: GET /bare/v1/
[2026-06-23T22:55:49.824Z] [SERVER] GET /bare/v1/ -> 200 (bare: true ) host: localhost:8080 content-type: unknown
[2026-06-23T22:55:49.857Z] [SERVER-BARE] ROUTING to bare: GET /bare/v1/
[2026-06-23T22:55:49.862Z] [SERVER] GET /bare/v1/ -> 200 (bare: true ) host: localhost:8080 content-type: unknown
[2026-06-23T22:55:49.890Z] [SERVER] GET /bare/v1/ -> 200 (bare: true ) host: localhost:8080 content-type: unknown
[2026-06-23T22:55:49.891Z] [SERVER-BARE] ROUTING to bare: GET /bare/v1/
[2026-06-23T22:55:49.907Z] [SERVER-BARE] ROUTING to bare: POST /bare/v1/
[2026-06-23T22:55:49.912Z] [SERVER-BARE] ROUTING to bare: POST /bare/v1/
[2026-06-23T22:55:49.924Z] [SERVER] GET /bare/v1/ -> 200 (bare: true ) host: localhost:8080 content-type: unknown
[2026-06-23T22:55:49.926Z] [SERVER-BARE] ROUTING to bare: GET /bare/v1/
[2026-06-23T22:55:49.958Z] [SERVER] GET /bare/v1/ -> 200 (bare: true ) host: localhost:8080 content-type: unknown
[2026-06-23T22:55:49.960Z] [SERVER-BARE] ROUTING to bare: GET /bare/v1/
[2026-06-23T22:55:50.016Z] [SERVER] GET /bare/v1/ -> 200 (bare: true ) host: localhost:8080 content-type: unknown
[2026-06-23T22:55:50.024Z] [SERVER-BARE] ROUTING to bare: GET /bare/v1/
[2026-06-23T22:55:50.046Z] [SERVER] POST /bare/v1/ -> 200 (bare: true ) host: localhost:8080 content-type: unknown
[2026-06-23T22:55:50.058Z] [SERVER-BARE] ROUTING to bare: GET /bare/v1/
[2026-06-23T22:55:50.060Z] [SERVER-BARE] ROUTING to bare: GET /bare/v1/
[2026-06-23T22:55:50.064Z] [SERVER] GET /bare/v1/ -> 200 (bare: true ) host: localhost:8080 content-type: unknown
[2026-06-23T22:55:50.070Z] [SERVER] POST /bare/v1/ -> 200 (bare: true ) host: localhost:8080 content-type: unknown
[2026-06-23T22:55:50.071Z] [SERVER-BARE] ROUTING to bare: GET /bare/v1/
[2026-06-23T22:55:50.080Z] [SERVER-BARE] ROUTING to bare: GET /bare/v1/
[2026-06-23T22:55:50.086Z] [SERVER-BARE] ROUTING to bare: GET /bare/v1/
[2026-06-23T22:55:50.090Z] [SERVER-BARE] ROUTING to bare: GET /bare/v1/
[2026-06-23T22:55:50.093Z] [SERVER] GET /bare/v1/ -> 200 (bare: true ) host: localhost:8080 content-type: unknown
[2026-06-23T22:55:50.112Z] [SERVER] GET /bare/v1/ -> 200 (bare: true ) host: localhost:8080 content-type: unknown
[2026-06-23T22:55:50.125Z] [SERVER] GET /bare/v1/ -> 200 (bare: true ) host: localhost:8080 content-type: unknown
[2026-06-23T22:55:50.125Z] [SERVER-BARE] ROUTING to bare: GET /bare/v1/
[2026-06-23T22:55:50.129Z] [SERVER] GET /bare/v1/ -> 200 (bare: true ) host: localhost:8080 content-type: unknown
[2026-06-23T22:55:50.132Z] [SERVER] GET /bare/v1/ -> 200 (bare: true ) host: localhost:8080 content-type: unknown
[2026-06-23T22:55:50.140Z] [SERVER-BARE] ROUTING to bare: GET /bare/v1/
[2026-06-23T22:55:50.152Z] [SERVER] GET /uv/uv.bundle.js -> 304 (bare: false ) host: localhost:8080 content-type: unknown
[2026-06-23T22:55:50.156Z] [SERVER] GET /uv/uv.client.js -> 304 (bare: false ) host: localhost:8080 content-type: unknown
[2026-06-23T22:55:50.161Z] [SERVER] GET /bare/v1/ -> 200 (bare: true ) host: localhost:8080 content-type: unknown
[2026-06-23T22:55:50.164Z] [SERVER-BARE] ROUTING to bare: GET /bare/v1/
[2026-06-23T22:55:50.167Z] [SERVER] GET /uv/uv.config.js -> 304 (bare: false ) host: localhost:8080 content-type: unknown
[2026-06-23T22:55:50.169Z] [SERVER] GET /uv/uv.handler.js -> 304 (bare: false ) host: localhost:8080 content-type: unknown
[2026-06-23T22:55:50.179Z] [SERVER] GET /bare/v1/ -> 200 (bare: true ) host: localhost:8080 content-type: unknown
[2026-06-23T22:55:50.192Z] [SERVER] GET /bare/v1/ -> 200 (bare: true ) host: localhost:8080 content-type: unknown
[2026-06-23T22:55:50.198Z] [SERVER] GET /bare/v1/ -> 200 (bare: true ) host: localhost:8080 content-type: unknown
[2026-06-23T22:55:50.201Z] [SERVER-BARE] ROUTING to bare: GET /bare/v1/
[2026-06-23T22:55:50.234Z] [SERVER] GET /bare/v1/ -> 200 (bare: true ) host: localhost:8080 content-type: unknown
[2026-06-23T22:55:50.236Z] [SERVER-BARE] ROUTING to bare: GET /bare/v1/
[2026-06-23T22:55:50.353Z] [SERVER] GET /bare/v1/ -> 200 (bare: true ) host: localhost:8080 content-type: unknown
[2026-06-23T22:55:50.354Z] [SERVER-BARE] ROUTING to bare: GET /bare/v1/
[2026-06-23T22:55:50.387Z] [SERVER] GET /bare/v1/ -> 200 (bare: true ) host: localhost:8080 content-type: unknown
[2026-06-23T22:55:50.387Z] [SERVER-BARE] ROUTING to bare: GET /bare/v1/
[2026-06-23T22:55:50.422Z] [SERVER] GET /bare/v1/ -> 200 (bare: true ) host: localhost:8080 content-type: unknown
[2026-06-23T22:55:50.423Z] [SERVER-BARE] ROUTING to bare: GET /bare/v1/
[2026-06-23T22:55:50.455Z] [SERVER] GET /bare/v1/ -> 200 (bare: true ) host: localhost:8080 content-type: unknown
[2026-06-23T22:55:50.456Z] [SERVER-BARE] ROUTING to bare: GET /bare/v1/
[2026-06-23T22:55:50.490Z] [SERVER] GET /bare/v1/ -> 200 (bare: true ) host: localhost:8080 content-type: unknown
[2026-06-23T22:55:50.491Z] [SERVER-BARE] ROUTING to bare: GET /bare/v1/
[2026-06-23T22:55:50.522Z] [SERVER] GET /bare/v1/ -> 200 (bare: true ) host: localhost:8080 content-type: unknown
[2026-06-23T22:55:50.524Z] [SERVER-BARE] ROUTING to bare: GET /bare/v1/
[2026-06-23T22:55:50.556Z] [SERVER] GET /bare/v1/ -> 200 (bare: true ) host: localhost:8080 content-type: unknown
[2026-06-23T22:55:50.557Z] [SERVER-BARE] ROUTING to bare: GET /bare/v1/
[2026-06-23T22:55:50.590Z] [SERVER] GET /bare/v1/ -> 200 (bare: true ) host: localhost:8080 content-type: unknown
[2026-06-23T22:55:50.591Z] [SERVER-BARE] ROUTING to bare: GET /bare/v1/
[2026-06-23T22:55:50.626Z] [SERVER] GET /bare/v1/ -> 200 (bare: true ) host: localhost:8080 content-type: unknown
[2026-06-23T22:55:50.628Z] [SERVER-BARE] ROUTING to bare: GET /bare/v1/
[2026-06-23T22:55:50.662Z] [SERVER] GET /bare/v1/ -> 200 (bare: true ) host: localhost:8080 content-type: unknown
[2026-06-23T22:55:50.762Z] [SERVER-BARE] ROUTING to bare: POST /bare/v1/
[2026-06-23T22:55:50.776Z] [SERVER-BARE] ROUTING to bare: POST /bare/v1/
[2026-06-23T22:55:50.785Z] [SERVER-BARE] ROUTING to bare: POST /bare/v1/
[2026-06-23T22:55:50.800Z] [SERVER] POST /bare/v1/ -> 200 (bare: true ) host: localhost:8080 content-type: unknown
[2026-06-23T22:55:50.813Z] [SERVER-BARE] ROUTING to bare: POST /bare/v1/
[2026-06-23T22:55:50.816Z] [SERVER] POST /bare/v1/ -> 200 (bare: true ) host: localhost:8080 content-type: unknown
[2026-06-23T22:55:50.848Z] [SERVER] POST /bare/v1/ -> 200 (bare: true ) host: localhost:8080 content-type: unknown
[2026-06-23T22:55:50.898Z] [SERVER] POST /bare/v1/ -> 200 (bare: true ) host: localhost:8080 content-type: unknown
[2026-06-23T22:55:50.903Z] [SERVER-BARE] ROUTING to bare: POST /bare/v1/
[2026-06-23T22:55:50.908Z] [SERVER-BARE] ROUTING to bare: POST /bare/v1/
[2026-06-23T22:55:50.922Z] [SERVER-BARE] ROUTING to bare: POST /bare/v1/
[2026-06-23T22:55:50.934Z] [SERVER-BARE] ROUTING to bare: POST /bare/v1/
[2026-06-23T22:55:50.942Z] [SERVER-BARE] ROUTING to bare: POST /bare/v1/
[2026-06-23T22:55:50.949Z] [SERVER] POST /bare/v1/ -> 200 (bare: true ) host: localhost:8080 content-type: unknown
[2026-06-23T22:55:50.950Z] [SERVER-BARE] ROUTING to bare: POST /bare/v1/
[2026-06-23T22:55:50.953Z] [SERVER] POST /bare/v1/ -> 200 (bare: true ) host: localhost:8080 content-type: unknown
[2026-06-23T22:55:50.958Z] [SERVER] POST /bare/v1/ -> 200 (bare: true ) host: localhost:8080 content-type: unknown
[2026-06-23T22:55:50.965Z] [SERVER-BARE] ROUTING to bare: POST /bare/v1/
[2026-06-23T22:55:50.971Z] [SERVER-BARE] ROUTING to bare: POST /bare/v1/
[2026-06-23T22:55:50.975Z] [SERVER-BARE] ROUTING to bare: POST /bare/v1/
[2026-06-23T22:55:50.987Z] [SERVER] POST /bare/v1/ -> 200 (bare: true ) host: localhost:8080 content-type: unknown
[2026-06-23T22:55:50.995Z] [SERVER-BARE] ROUTING to bare: POST /bare/v1/
[2026-06-23T22:55:51.000Z] [SERVER] POST /bare/v1/ -> 200 (bare: true ) host: localhost:8080 content-type: unknown
[2026-06-23T22:55:51.007Z] [SERVER] POST /bare/v1/ -> 200 (bare: true ) host: localhost:8080 content-type: unknown
[2026-06-23T22:55:51.007Z] [SERVER-BARE] ROUTING to bare: POST /bare/v1/
[2026-06-23T22:55:51.014Z] [SERVER-BARE] ROUTING to bare: POST /bare/v1/
[2026-06-23T22:55:51.032Z] [SERVER] POST /bare/v1/ -> 200 (bare: true ) host: localhost:8080 content-type: unknown
[2026-06-23T22:55:51.038Z] [SERVER-BARE] ROUTING to bare: POST /bare/v1/
[2026-06-23T22:55:51.043Z] [SERVER] POST /bare/v1/ -> 200 (bare: true ) host: localhost:8080 content-type: unknown
[2026-06-23T22:55:51.048Z] [SERVER] POST /bare/v1/ -> 200 (bare: true ) host: localhost:8080 content-type: unknown
[2026-06-23T22:55:51.049Z] [SERVER-BARE] ROUTING to bare: POST /bare/v1/
[2026-06-23T22:55:51.062Z] [SERVER-BARE] ROUTING to bare: POST /bare/v1/
[2026-06-23T22:55:51.064Z] [SERVER] POST /bare/v1/ -> 200 (bare: true ) host: localhost:8080 content-type: unknown
[2026-06-23T22:55:51.066Z] [SERVER] POST /bare/v1/ -> 200 (bare: true ) host: localhost:8080 content-type: unknown
[2026-06-23T22:55:51.074Z] [SERVER] POST /bare/v1/ -> 200 (bare: true ) host: localhost:8080 content-type: unknown
[2026-06-23T22:55:51.075Z] [SERVER-BARE] ROUTING to bare: POST /bare/v1/
[2026-06-23T22:55:51.078Z] [SERVER-BARE] ROUTING to bare: POST /bare/v1/
[2026-06-23T22:55:51.082Z] [SERVER] POST /bare/v1/ -> 200 (bare: true ) host: localhost:8080 content-type: unknown
[2026-06-23T22:55:51.084Z] [SERVER-BARE] ROUTING to bare: POST /bare/v1/
[2026-06-23T22:55:51.098Z] [SERVER] POST /bare/v1/ -> 200 (bare: true ) host: localhost:8080 content-type: unknown
[2026-06-23T22:55:51.100Z] [SERVER] POST /bare/v1/ -> 200 (bare: true ) host: localhost:8080 content-type: unknown
[2026-06-23T22:55:51.117Z] [SERVER] POST /bare/v1/ -> 200 (bare: true ) host: localhost:8080 content-type: unknown
[2026-06-23T22:55:51.119Z] [SERVER] POST /bare/v1/ -> 200 (bare: true ) host: localhost:8080 content-type: unknown
[2026-06-23T22:55:51.124Z] [SERVER] POST /bare/v1/ -> 200 (bare: true ) host: localhost:8080 content-type: unknown
[2026-06-23T22:55:52.132Z] [SERVER-BARE] ROUTING to bare: POST /bare/v1/
[2026-06-23T22:55:52.176Z] [SERVER] POST /bare/v1/ -> 200 (bare: true ) host: localhost:8080 content-type: unknown
[2026-06-23T22:55:52.345Z] [SERVER-BARE] ROUTING to bare: POST /bare/v1/
[2026-06-23T22:55:52.379Z] [SERVER] POST /bare/v1/ -> 200 (bare: true ) host: localhost:8080 content-type: unknown
[2026-06-23T22:55:52.391Z] [SERVER-BARE] ROUTING to bare: POST /bare/v1/
[2026-06-23T22:55:52.428Z] [SERVER] POST /bare/v1/ -> 200 (bare: true ) host: localhost:8080 content-type: unknown
[2026-06-23T22:55:52.801Z] [SERVER] GET /sw.js -> 304 (bare: false ) host: localhost:8080 content-type: unknown
[2026-06-23T22:55:52.813Z] [SERVER] GET /uv/uv.bundle.js -> 304 (bare: false ) host: localhost:8080 content-type: unknown
[2026-06-23T22:55:52.830Z] [SERVER] GET /uv/uv.config.js -> 304 (bare: false ) host: localhost:8080 content-type: unknown
[2026-06-23T22:55:52.844Z] [SERVER] GET /uv/uv.sw.js -> 304 (bare: false ) host: localhost:8080 content-type: unknown
[2026-06-23T22:55:54.537Z] [SERVER-BARE] ROUTING to bare: GET /bare/v1/
[2026-06-23T22:55:55.084Z] [SERVER] GET /bare/v1/ -> 200 (bare: true ) host: localhost:8080 content-type: unknown
[2026-06-23T22:55:55.147Z] [SERVER] GET /uv/uv.bundle.js -> 304 (bare: false ) host: localhost:8080 content-type: unknown
[2026-06-23T22:55:55.149Z] [SERVER] GET /uv/uv.client.js -> 304 (bare: false ) host: localhost:8080 content-type: unknown
[2026-06-23T22:55:55.151Z] [SERVER-BARE] ROUTING to bare: GET /bare/v1/
[2026-06-23T22:55:55.156Z] [SERVER] GET /uv/uv.config.js -> 304 (bare: false ) host: localhost:8080 content-type: unknown
[2026-06-23T22:55:55.157Z] [SERVER] GET /uv/uv.handler.js -> 304 (bare: false ) host: localhost:8080 content-type: unknown
[2026-06-23T22:55:55.263Z] [SERVER-BARE] ROUTING to bare: GET /bare/v1/
[2026-06-23T22:55:55.707Z] [SERVER-BARE] ROUTING to bare: GET /bare/v1/
[2026-06-23T22:55:55.712Z] [SERVER-BARE] ROUTING to bare: GET /bare/v1/
[2026-06-23T22:55:55.719Z] [SERVER] GET /bare/v1/ -> 200 (bare: true ) host: localhost:8080 content-type: unknown
[2026-06-23T22:55:55.895Z] [SERVER] GET /bare/v1/ -> 200 (bare: true ) host: localhost:8080 content-type: unknown
[2026-06-23T22:55:55.898Z] [SERVER] GET /bare/v1/ -> 200 (bare: true ) host: localhost:8080 content-type: unknown
[2026-06-23T22:55:55.976Z] [SERVER] GET /bare/v1/ -> 200 (bare: true ) host: localhost:8080 content-type: unknown
[2026-06-23T22:55:57.580Z] [SERVER-BARE] ROUTING to bare: GET /bare/v1/
[2026-06-23T22:55:57.828Z] [SERVER] GET /bare/v1/ -> 200 (bare: true ) host: localhost:8080 content-type: unknown
[2026-06-23T22:55:58.113Z] [SERVER-BARE] ROUTING to bare: POST /bare/v1/
[2026-06-23T22:55:58.221Z] [SERVER] POST /bare/v1/ -> 200 (bare: true ) host: localhost:8080 content-type: unknown
[2026-06-23T22:55:58.389Z] [SERVER-BARE] ROUTING to bare: GET /bare/v1/
[2026-06-23T22:55:59.290Z] [SERVER] GET /bare/v1/ -> 200 (bare: true ) host: localhost:8080 content-type: unknown
[2026-06-23T22:55:59.798Z] [SERVER] GET /sw.js -> 304 (bare: false ) host: localhost:8080 content-type: unknown
[2026-06-23T22:55:59.808Z] [SERVER] GET /uv/uv.bundle.js -> 304 (bare: false ) host: localhost:8080 content-type: unknown
[2026-06-23T22:55:59.820Z] [SERVER] GET /uv/uv.config.js -> 304 (bare: false ) host: localhost:8080 content-type: unknown
[2026-06-23T22:55:59.835Z] [SERVER] GET /uv/uv.sw.js -> 304 (bare: false ) host: localhost:8080 content-type: unknown
[2026-06-23T22:56:00.379Z] [SERVER-BARE] ROUTING to bare: POST /bare/v1/
[2026-06-23T22:56:00.418Z] [SERVER] POST /bare/v1/ -> 200 (bare: true ) host: localhost:8080 content-type: unknown
[2026-06-23T22:56:02.703Z] [SERVER-BARE] ROUTING to bare: GET /bare/v1/
[2026-06-23T22:56:02.881Z] [SERVER] GET /bare/v1/ -> 200 (bare: true ) host: localhost:8080 content-type: unknown
[2026-06-23T22:56:02.933Z] [SERVER] GET /uv/uv.bundle.js -> 304 (bare: false ) host: localhost:8080 content-type: unknown
[2026-06-23T22:56:02.936Z] [SERVER] GET /uv/uv.client.js -> 304 (bare: false ) host: localhost:8080 content-type: unknown
[2026-06-23T22:56:02.939Z] [SERVER] GET /uv/uv.config.js -> 304 (bare: false ) host: localhost:8080 content-type: unknown
[2026-06-23T22:56:02.940Z] [SERVER] GET /uv/uv.handler.js -> 304 (bare: false ) host: localhost:8080 content-type: unknown
[2026-06-23T22:56:03.031Z] [SERVER-BARE] ROUTING to bare: GET /bare/v1/
[2026-06-23T22:56:03.697Z] [SERVER] GET /bare/v1/ -> 200 (bare: true ) host: localhost:8080 content-type: unknown
[2026-06-23T22:56:04.661Z] [SERVER] GET /sw.js -> 304 (bare: false ) host: localhost:8080 content-type: unknown
[2026-06-23T22:56:04.672Z] [SERVER] GET /uv/uv.bundle.js -> 304 (bare: false ) host: localhost:8080 content-type: unknown
[2026-06-23T22:56:04.686Z] [SERVER] GET /uv/uv.config.js -> 304 (bare: false ) host: localhost:8080 content-type: unknown
[2026-06-23T22:56:04.698Z] [SERVER] GET /uv/uv.sw.js -> 304 (bare: false ) host: localhost:8080 content-type: unknown
[2026-06-23T22:56:04.848Z] [SERVER-BARE] ROUTING to bare: GET /bare/v1/
[2026-06-23T22:56:05.089Z] [SERVER] GET /bare/v1/ -> 200 (bare: true ) host: localhost:8080 content-type: unknown
[2026-06-23T22:56:05.172Z] [SERVER] GET /uv/uv.bundle.js -> 304 (bare: false ) host: localhost:8080 content-type: unknown
[2026-06-23T22:56:05.176Z] [SERVER] GET /uv/uv.client.js -> 304 (bare: false ) host: localhost:8080 content-type: unknown
[2026-06-23T22:56:05.178Z] [SERVER] GET /uv/uv.config.js -> 304 (bare: false ) host: localhost:8080 content-type: unknown
[2026-06-23T22:56:05.180Z] [SERVER] GET /uv/uv.handler.js -> 304 (bare: false ) host: localhost:8080 content-type: unknown
[2026-06-23T22:56:05.182Z] [SERVER-BARE] ROUTING to bare: GET /bare/v1/
[2026-06-23T22:56:05.411Z] [SERVER-BARE] ROUTING to bare: GET /bare/v1/
[2026-06-23T22:56:05.425Z] [SERVER] GET /bare/v1/ -> 200 (bare: true ) host: localhost:8080 content-type: unknown
[2026-06-23T22:56:05.548Z] [SERVER] GET /bare/v1/ -> 200 (bare: true ) host: localhost:8080 content-type: unknown
[2026-06-23T22:56:05.548Z] [SERVER-BARE] ROUTING to bare: GET /bare/v1/
[2026-06-23T22:56:05.586Z] [SERVER-BARE] ROUTING to bare: GET /bare/v1/
[2026-06-23T22:56:05.676Z] [SERVER-BARE] ROUTING to bare: GET /bare/v1/
[2026-06-23T22:56:05.739Z] [SERVER] GET /bare/v1/ -> 200 (bare: true ) host: localhost:8080 content-type: unknown
[2026-06-23T22:56:06.016Z] [SERVER] GET /bare/v1/ -> 200 (bare: true ) host: localhost:8080 content-type: unknown
[2026-06-23T22:56:06.534Z] [SERVER] GET /bare/v1/ -> 200 (bare: true ) host: localhost:8080 content-type: unknown
[2026-06-23T22:56:07.354Z] [SERVER] GET /sw.js -> 304 (bare: false ) host: localhost:8080 content-type: unknown
[2026-06-23T22:56:07.375Z] [SERVER] GET /uv/uv.bundle.js -> 304 (bare: false ) host: localhost:8080 content-type: unknown
[2026-06-23T22:56:07.398Z] [SERVER] GET /uv/uv.config.js -> 304 (bare: false ) host: localhost:8080 content-type: unknown
[2026-06-23T22:56:07.416Z] [SERVER] GET /uv/uv.sw.js -> 304 (bare: false ) host: localhost:8080 content-type: unknown
[2026-06-23T22:56:11.008Z] [SERVER-BARE] ROUTING to bare: GET /bare/v1/
[2026-06-23T22:56:11.358Z] [SERVER-BARE] ROUTING to bare: GET /bare/v1/
[2026-06-23T22:56:11.464Z] [SERVER-BARE] ROUTING to bare: GET /bare/v1/
[2026-06-23T22:56:11.578Z] [SERVER] GET /bare/v1/ -> 200 (bare: true ) host: localhost:8080 content-type: unknown
[2026-06-23T22:56:11.617Z] [SERVER] GET /bare/v1/ -> 200 (bare: true ) host: localhost:8080 content-type: unknown
[2026-06-23T22:56:11.757Z] [SERVER] GET /bare/v1/ -> 200 (bare: true ) host: localhost:8080 content-type: unknown
[2026-06-23T22:56:19.041Z] [SERVER-BARE] ROUTING to bare: GET /bare/v1/
[2026-06-23T22:56:19.247Z] [SERVER-BARE] ROUTING to bare: GET /bare/v1/
[2026-06-23T22:56:19.445Z] [SERVER-BARE] ROUTING to bare: GET /bare/v1/
[2026-06-23T22:56:19.450Z] [SERVER-BARE] ROUTING to bare: GET /bare/v1/
[2026-06-23T22:56:19.458Z] [SERVER-BARE] ROUTING to bare: GET /bare/v1/
[2026-06-23T22:56:19.464Z] [SERVER-BARE] ROUTING to bare: GET /bare/v1/
[2026-06-23T22:56:21.444Z] [SERVER] GET /bare/v1/ -> 200 (bare: true ) host: localhost:8080 content-type: unknown
[2026-06-23T22:56:21.446Z] [SERVER-BARE] ROUTING to bare: GET /bare/v1/
[2026-06-23T22:56:22.151Z] [SERVER] GET /bare/v1/ -> 200 (bare: true ) host: localhost:8080 content-type: unknown
[2026-06-23T22:56:22.159Z] [SERVER-BARE] ROUTING to bare: GET /bare/v1/
[2026-06-23T22:56:22.660Z] [SERVER] GET /bare/v1/ -> 200 (bare: true ) host: localhost:8080 content-type: unknown
[2026-06-23T22:56:22.674Z] [SERVER-BARE] ROUTING to bare: GET /bare/v1/
[2026-06-23T22:56:23.735Z] [SERVER] GET /bare/v1/ -> 200 (bare: true ) host: localhost:8080 content-type: unknown
[2026-06-23T22:56:23.742Z] [SERVER-BARE] ROUTING to bare: GET /bare/v1/
[2026-06-23T22:56:25.167Z] [SERVER] GET /bare/v1/ -> 200 (bare: true ) host: localhost:8080 content-type: unknown
[2026-06-23T22:56:25.169Z] [SERVER-BARE] ROUTING to bare: GET /bare/v1/
[2026-06-23T22:56:25.876Z] [SERVER] GET /bare/v1/ -> 200 (bare: true ) host: localhost:8080 content-type: unknown
[2026-06-23T22:56:25.881Z] [SERVER-BARE] ROUTING to bare: GET /bare/v1/
[2026-06-23T22:56:25.962Z] [SERVER] GET /bare/v1/ -> 200 (bare: true ) host: localhost:8080 content-type: unknown
[2026-06-23T22:56:25.964Z] [SERVER-BARE] ROUTING to bare: GET /bare/v1/
[2026-06-23T22:56:26.010Z] [SERVER] GET /bare/v1/ -> 200 (bare: true ) host: localhost:8080 content-type: unknown
[2026-06-23T22:56:26.011Z] [SERVER-BARE] ROUTING to bare: GET /bare/v1/
[2026-06-23T22:56:27.235Z] [SERVER] GET /bare/v1/ -> 200 (bare: true ) host: localhost:8080 content-type: unknown
[2026-06-23T22:56:27.236Z] [SERVER-BARE] ROUTING to bare: GET /bare/v1/
[2026-06-23T22:56:27.413Z] [SERVER] GET /bare/v1/ -> 200 (bare: true ) host: localhost:8080 content-type: unknown
[2026-06-23T22:56:27.414Z] [SERVER-BARE] ROUTING to bare: GET /bare/v1/
[2026-06-23T22:56:29.831Z] [SERVER] GET /bare/v1/ -> 200 (bare: true ) host: localhost:8080 content-type: unknown
[2026-06-23T22:56:29.832Z] [SERVER-BARE] ROUTING to bare: GET /bare/v1/
[2026-06-23T22:56:29.843Z] [SERVER] GET /bare/v1/ -> 200 (bare: true ) host: localhost:8080 content-type: unknown
[2026-06-23T22:56:29.853Z] [SERVER-BARE] ROUTING to bare: GET /bare/v1/
[2026-06-23T22:56:30.319Z] [SERVER] GET /bare/v1/ -> 200 (bare: true ) host: localhost:8080 content-type: unknown
[2026-06-23T22:56:30.323Z] [SERVER-BARE] ROUTING to bare: GET /bare/v1/
[2026-06-23T22:56:30.890Z] [SERVER] GET /bare/v1/ -> 200 (bare: true ) host: localhost:8080 content-type: unknown
[2026-06-23T22:56:30.892Z] [SERVER-BARE] ROUTING to bare: GET /bare/v1/
[2026-06-23T22:56:31.365Z] [SERVER] GET /bare/v1/ -> 200 (bare: true ) host: localhost:8080 content-type: unknown
[2026-06-23T22:56:31.367Z] [SERVER-BARE] ROUTING to bare: GET /bare/v1/
[2026-06-23T22:56:31.870Z] [SERVER] GET /bare/v1/ -> 200 (bare: true ) host: localhost:8080 content-type: unknown
[2026-06-23T22:56:31.913Z] [SERVER] GET /sw.js -> 304 (bare: false ) host: localhost:8080 content-type: unknown
[2026-06-23T22:56:31.956Z] [SERVER] GET /uv/uv.bundle.js -> 304 (bare: false ) host: localhost:8080 content-type: unknown
[2026-06-23T22:56:31.997Z] [SERVER] GET /uv/uv.config.js -> 304 (bare: false ) host: localhost:8080 content-type: unknown
[2026-06-23T22:56:32.026Z] [SERVER] GET /uv/uv.sw.js -> 304 (bare: false ) host: localhost:8080 content-type: unknown
[2026-06-23T22:56:33.005Z] [SERVER] GET /bare/v1/ -> 200 (bare: true ) host: localhost:8080 content-type: unknown
[2026-06-23T22:56:34.093Z] [SERVER] GET /bare/v1/ -> 200 (bare: true ) host: localhost:8080 content-type: unknown
[2026-06-23T22:56:34.271Z] [SERVER] GET /bare/v1/ -> 200 (bare: true ) host: localhost:8080 content-type: unknown
[2026-06-23T22:56:34.308Z] [SERVER] GET /bare/v1/ -> 200 (bare: true ) host: localhost:8080 content-type: unknown
[2026-06-23T22:56:34.486Z] [SERVER] GET /bare/v1/ -> 200 (bare: true ) host: localhost:8080 content-type: unknown
[2026-06-23T22:56:39.179Z] [SERVER-BARE] ROUTING to bare: GET /bare/v1/
[2026-06-23T22:56:39.948Z] [SERVER] GET /bare/v1/ -> 200 (bare: true ) host: localhost:8080 content-type: unknown
[2026-06-23T22:56:40.043Z] [SERVER] GET /uv/uv.bundle.js -> 304 (bare: false ) host: localhost:8080 content-type: unknown
[2026-06-23T22:56:40.045Z] [SERVER-BARE] ROUTING to bare: GET /bare/v1/
[2026-06-23T22:56:40.048Z] [SERVER] GET /uv/uv.client.js -> 304 (bare: false ) host: localhost:8080 content-type: unknown
[2026-06-23T22:56:40.050Z] [SERVER] GET /uv/uv.config.js -> 304 (bare: false ) host: localhost:8080 content-type: unknown
[2026-06-23T22:56:40.051Z] [SERVER] GET /uv/uv.handler.js -> 304 (bare: false ) host: localhost:8080 content-type: unknown
[2026-06-23T22:56:40.144Z] [SERVER] GET /bare/v1/ -> 200 (bare: true ) host: localhost:8080 content-type: unknown
[2026-06-23T22:56:40.144Z] [SERVER-BARE] ROUTING to bare: GET /bare/v1/
[2026-06-23T22:56:40.172Z] [SERVER] GET /bare/v1/ -> 200 (bare: true ) host: localhost:8080 content-type: unknown
[2026-06-23T22:56:40.172Z] [SERVER-BARE] ROUTING to bare: GET /bare/v1/
[2026-06-23T22:56:40.264Z] [SERVER] GET /bare/v1/ -> 200 (bare: true ) host: localhost:8080 content-type: unknown
[2026-06-23T22:56:40.574Z] [SERVER-BARE] ROUTING to bare: GET /bare/v1/
[2026-06-23T22:56:40.710Z] [SERVER] GET /bare/v1/ -> 200 (bare: true ) host: localhost:8080 content-type: unknown
[2026-06-23T22:56:40.757Z] [SERVER] GET /uv/uv.bundle.js -> 304 (bare: false ) host: localhost:8080 content-type: unknown
[2026-06-23T22:56:40.758Z] [SERVER] GET /uv/uv.client.js -> 304 (bare: false ) host: localhost:8080 content-type: unknown
[2026-06-23T22:56:40.759Z] [SERVER-BARE] ROUTING to bare: GET /bare/v1/
[2026-06-23T22:56:40.761Z] [SERVER] GET /uv/uv.config.js -> 304 (bare: false ) host: localhost:8080 content-type: unknown
[2026-06-23T22:56:40.761Z] [SERVER] GET /uv/uv.handler.js -> 304 (bare: false ) host: localhost:8080 content-type: unknown
[2026-06-23T22:56:40.848Z] [SERVER] GET /bare/v1/ -> 200 (bare: true ) host: localhost:8080 content-type: unknown
[2026-06-23T22:56:40.987Z] [SERVER-BARE] ROUTING to bare: GET /bare/v1/
[2026-06-23T22:56:41.044Z] [SERVER] GET /bare/v1/ -> 200 (bare: true ) host: localhost:8080 content-type: unknown
[2026-06-23T22:56:41.098Z] [SERVER] GET /uv/uv.bundle.js -> 304 (bare: false ) host: localhost:8080 content-type: unknown
[2026-06-23T22:56:41.099Z] [SERVER] GET /uv/uv.client.js -> 304 (bare: false ) host: localhost:8080 content-type: unknown
[2026-06-23T22:56:41.101Z] [SERVER] GET /uv/uv.config.js -> 304 (bare: false ) host: localhost:8080 content-type: unknown
[2026-06-23T22:56:41.103Z] [SERVER] GET /uv/uv.handler.js -> 304 (bare: false ) host: localhost:8080 content-type: unknown
[2026-06-23T22:56:41.187Z] [SERVER-BARE] ROUTING to bare: POST /bare/v1/
[2026-06-23T22:56:41.216Z] [SERVER-BARE] ROUTING to bare: GET /bare/v1/
[2026-06-23T22:56:41.278Z] [SERVER] POST /bare/v1/ -> 200 (bare: true ) host: localhost:8080 content-type: unknown
[2026-06-23T22:56:41.285Z] [SERVER-BARE] ROUTING to bare: GET /bare/v1/
[2026-06-23T22:56:41.306Z] [SERVER] GET /bare/v1/ -> 200 (bare: true ) host: localhost:8080 content-type: unknown
[2026-06-23T22:56:41.308Z] [SERVER-BARE] ROUTING to bare: GET /bare/v1/
[2026-06-23T22:56:41.365Z] [SERVER-BARE] ROUTING to bare: GET /bare/v1/
[2026-06-23T22:56:41.368Z] [SERVER] GET /bare/v1/ -> 200 (bare: true ) host: localhost:8080 content-type: unknown
[2026-06-23T22:56:41.427Z] [SERVER-BARE] ROUTING to bare: GET /bare/v1/
[2026-06-23T22:56:41.431Z] [SERVER] GET /bare/v1/ -> 200 (bare: true ) host: localhost:8080 content-type: unknown
[2026-06-23T22:56:41.480Z] [SERVER-BARE] ROUTING to bare: GET /bare/v1/
[2026-06-23T22:56:41.482Z] [SERVER] GET /bare/v1/ -> 200 (bare: true ) host: localhost:8080 content-type: unknown
[2026-06-23T22:56:41.536Z] [SERVER-BARE] ROUTING to bare: GET /bare/v1/
[2026-06-23T22:56:41.537Z] [SERVER] GET /bare/v1/ -> 200 (bare: true ) host: localhost:8080 content-type: unknown
[2026-06-23T22:56:41.572Z] [SERVER] GET /bare/v1/ -> 200 (bare: true ) host: localhost:8080 content-type: unknown
[2026-06-23T22:56:41.572Z] [SERVER-BARE] ROUTING to bare: GET /bare/v1/
[2026-06-23T22:56:41.588Z] [SERVER-BARE] ROUTING to bare: GET /bare/v1/
[2026-06-23T22:56:41.589Z] [SERVER] GET /bare/v1/ -> 200 (bare: true ) host: localhost:8080 content-type: unknown
[2026-06-23T22:56:41.699Z] [SERVER] GET /bare/v1/ -> 200 (bare: true ) host: localhost:8080 content-type: unknown
[2026-06-23T22:56:41.786Z] [SERVER] GET /bare/v1/ -> 200 (bare: true ) host: localhost:8080 content-type: unknown
[2026-06-23T22:56:41.786Z] [SERVER-BARE] ROUTING to bare: GET /bare/v1/
[2026-06-23T22:56:41.879Z] [SERVER-BARE] ROUTING to bare: GET /bare/v1/
[2026-06-23T22:56:41.881Z] [SERVER] GET /bare/v1/ -> 200 (bare: true ) host: localhost:8080 content-type: unknown
[2026-06-23T22:56:41.955Z] [SERVER-BARE] ROUTING to bare: GET /bare/v1/
[2026-06-23T22:56:41.958Z] [SERVER] GET /bare/v1/ -> 200 (bare: true ) host: localhost:8080 content-type: unknown
[2026-06-23T22:56:42.031Z] [SERVER-BARE] ROUTING to bare: GET /bare/v1/
[2026-06-23T22:56:42.033Z] [SERVER] GET /bare/v1/ -> 200 (bare: true ) host: localhost:8080 content-type: unknown
[2026-06-23T22:56:42.087Z] [SERVER] GET /bare/v1/ -> 200 (bare: true ) host: localhost:8080 content-type: unknown
[2026-06-23T22:56:42.107Z] [SERVER-BARE] ROUTING to bare: GET /bare/v1/
[2026-06-23T22:56:42.227Z] [SERVER] GET /bare/v1/ -> 200 (bare: true ) host: localhost:8080 content-type: unknown
[2026-06-23T22:56:43.786Z] [SERVER] GET /sw.js -> 304 (bare: false ) host: localhost:8080 content-type: unknown
[2026-06-23T22:56:43.798Z] [SERVER] GET /uv/uv.bundle.js -> 304 (bare: false ) host: localhost:8080 content-type: unknown
[2026-06-23T22:56:43.814Z] [SERVER] GET /uv/uv.config.js -> 304 (bare: false ) host: localhost:8080 content-type: unknown
[2026-06-23T22:56:43.827Z] [SERVER] GET /uv/uv.sw.js -> 304 (bare: false ) host: localhost:8080 content-type: unknown
[2026-06-23T22:56:54.209Z] [SERVER] GET /css/orbit.css?v=20260606 -> 304 (bare: false ) host: localhost:8080 content-type: unknown
[2026-06-23T22:56:54.239Z] [SERVER-BARE] ROUTING to bare: GET /bare/v1/
[2026-06-23T22:56:54.812Z] [SERVER] GET /uv/uv.bundle.js.map -> 404 (bare: false ) host: localhost:8080 content-type: text/html; charset=UTF-8
[2026-06-23T22:56:54.814Z] [SERVER] GET /uv/uv.sw.js.map -> 404 (bare: false ) host: localhost:8080 content-type: text/html; charset=UTF-8
[2026-06-23T22:56:54.816Z] [SERVER] GET /uv/uv.handler.js.map -> 404 (bare: false ) host: localhost:8080 content-type: text/html; charset=UTF-8
[2026-06-23T22:56:54.818Z] [SERVER] GET /uv/uv.client.js.map -> 404 (bare: false ) host: localhost:8080 content-type: text/html; charset=UTF-8
[2026-06-23T22:56:54.819Z] [SERVER] GET /uv/uv.bundle.js.map -> 404 (bare: false ) host: localhost:8080 content-type: text/html; charset=UTF-8
[2026-06-23T22:56:54.825Z] [SERVER] GET /uv/uv.bundle.js.map -> 404 (bare: false ) host: localhost:8080 content-type: text/html; charset=UTF-8
[2026-06-23T22:56:55.268Z] [SERVER] GET /bare/v1/ -> 200 (bare: true ) host: localhost:8080 content-type: unknown
[2026-06-23T22:56:55.273Z] [SERVER-BARE] ROUTING to bare: GET /bare/v1/
[2026-06-23T22:56:55.302Z] [SERVER] GET /bare/v1/ -> 200 (bare: true ) host: localhost:8080 content-type: unknown
[2026-06-23T22:56:55.303Z] [SERVER-BARE] ROUTING to bare: GET /bare/v1/
[2026-06-23T22:56:55.355Z] [SERVER] GET /bare/v1/ -> 200 (bare: true ) host: localhost:8080 content-type: unknown
[2026-06-23T22:56:55.356Z] [SERVER-BARE] ROUTING to bare: GET /bare/v1/
[2026-06-23T22:56:55.414Z] [SERVER] GET /bare/v1/ -> 200 (bare: true ) host: localhost:8080 content-type: unknown
[2026-06-23T22:56:55.415Z] [SERVER-BARE] ROUTING to bare: GET /bare/v1/
[2026-06-23T22:56:55.471Z] [SERVER-BARE] ROUTING to bare: GET /bare/v1/
[2026-06-23T22:56:55.478Z] [SERVER] GET /bare/v1/ -> 200 (bare: true ) host: localhost:8080 content-type: unknown
[2026-06-23T22:56:55.526Z] [SERVER-BARE] ROUTING to bare: GET /bare/v1/
[2026-06-23T22:56:55.528Z] [SERVER] GET /bare/v1/ -> 200 (bare: true ) host: localhost:8080 content-type: unknown
[2026-06-23T22:56:55.582Z] [SERVER] GET /bare/v1/ -> 200 (bare: true ) host: localhost:8080 content-type: unknown
[2026-06-23T22:56:55.583Z] [SERVER-BARE] ROUTING to bare: GET /bare/v1/
[2026-06-23T22:56:55.633Z] [SERVER] GET /bare/v1/ -> 200 (bare: true ) host: localhost:8080 content-type: unknown
[2026-06-23T22:57:01.689Z] [SERVER-BARE] ROUTING to bare: GET /bare/v1/
[2026-06-23T22:57:02.340Z] [SERVER] GET /bare/v1/ -> 200 (bare: true ) host: localhost:8080 content-type: unknown
[2026-06-23T22:57:02.417Z] [SERVER] GET /uv/uv.bundle.js -> 304 (bare: false ) host: localhost:8080 content-type: unknown
[2026-06-23T22:57:02.420Z] [SERVER-BARE] ROUTING to bare: GET /bare/v1/
[2026-06-23T22:57:02.421Z] [SERVER] GET /uv/uv.client.js -> 304 (bare: false ) host: localhost:8080 content-type: unknown
[2026-06-23T22:57:02.423Z] [SERVER] GET /uv/uv.config.js -> 304 (bare: false ) host: localhost:8080 content-type: unknown
[2026-06-23T22:57:02.424Z] [SERVER] GET /uv/uv.handler.js -> 304 (bare: false ) host: localhost:8080 content-type: unknown
[2026-06-23T22:57:02.704Z] [SERVER-BARE] ROUTING to bare: GET /bare/v1/
[2026-06-23T22:57:02.843Z] [SERVER] GET /bare/v1/ -> 200 (bare: true ) host: localhost:8080 content-type: unknown
[2026-06-23T22:57:03.238Z] [SERVER] GET /bare/v1/ -> 200 (bare: true ) host: localhost:8080 content-type: unknown
[2026-06-23T22:57:03.266Z] [SERVER-BARE] ROUTING to bare: GET /bare/v1/
[2026-06-23T22:57:03.487Z] [SERVER] GET /bare/v1/ -> 200 (bare: true ) host: localhost:8080 content-type: unknown
[2026-06-23T22:57:03.517Z] [SERVER-BARE] ROUTING to bare: GET /bare/v1/
[2026-06-23T22:57:03.677Z] [SERVER-BARE] ROUTING to bare: GET /bare/v1/
[2026-06-23T22:57:03.887Z] [SERVER-BARE] ROUTING to bare: GET /bare/v1/
[2026-06-23T22:57:03.889Z] [SERVER-BARE] ROUTING to bare: GET /bare/v1/
[2026-06-23T22:57:04.001Z] [SERVER] GET /bare/v1/ -> 200 (bare: true ) host: localhost:8080 content-type: unknown
[2026-06-23T22:57:04.064Z] [SERVER] GET /uv/uv.bundle.js -> 304 (bare: false ) host: localhost:8080 content-type: unknown
[2026-06-23T22:57:04.117Z] [SERVER] GET /uv/uv.client.js -> 304 (bare: false ) host: localhost:8080 content-type: unknown
[2026-06-23T22:57:04.135Z] [SERVER] GET /uv/uv.config.js -> 304 (bare: false ) host: localhost:8080 content-type: unknown
[2026-06-23T22:57:04.149Z] [SERVER] GET /uv/uv.handler.js -> 304 (bare: false ) host: localhost:8080 content-type: unknown
[2026-06-23T22:57:04.321Z] [SERVER] GET /bare/v1/ -> 200 (bare: true ) host: localhost:8080 content-type: unknown
[2026-06-23T22:57:04.406Z] [SERVER] GET /bare/v1/ -> 200 (bare: true ) host: localhost:8080 content-type: unknown
[2026-06-23T22:57:05.125Z] [SERVER] GET /bare/v1/ -> 200 (bare: true ) host: localhost:8080 content-type: unknown
[2026-06-23T22:57:06.233Z] [SERVER] GET /sw.js -> 304 (bare: false ) host: localhost:8080 content-type: unknown
[2026-06-23T22:57:06.268Z] [SERVER] GET /uv/uv.bundle.js -> 304 (bare: false ) host: localhost:8080 content-type: unknown
[2026-06-23T22:57:06.284Z] [SERVER] GET /uv/uv.config.js -> 304 (bare: false ) host: localhost:8080 content-type: unknown
[2026-06-23T22:57:06.297Z] [SERVER] GET /uv/uv.sw.js -> 304 (bare: false ) host: localhost:8080 content-type: unknown
[2026-06-23T22:57:24.034Z] [SERVER-BARE] ROUTING to bare: GET /bare/v1/
[2026-06-23T22:57:24.441Z] [SERVER] GET /bare/v1/ -> 200 (bare: true ) host: localhost:8080 content-type: unknown
[2026-06-23T22:57:24.515Z] [SERVER] GET /uv/uv.bundle.js -> 304 (bare: false ) host: localhost:8080 content-type: unknown
[2026-06-23T22:57:24.517Z] [SERVER] GET /uv/uv.client.js -> 304 (bare: false ) host: localhost:8080 content-type: unknown
[2026-06-23T22:57:24.518Z] [SERVER-BARE] ROUTING to bare: GET /bare/v1/
[2026-06-23T22:57:24.520Z] [SERVER] GET /uv/uv.config.js -> 304 (bare: false ) host: localhost:8080 content-type: unknown
[2026-06-23T22:57:24.522Z] [SERVER] GET /uv/uv.handler.js -> 304 (bare: false ) host: localhost:8080 content-type: unknown
[2026-06-23T22:57:24.541Z] [SERVER] GET /bare/v1/ -> 200 (bare: true ) host: localhost:8080 content-type: unknown
[2026-06-23T22:57:24.545Z] [SERVER-BARE] ROUTING to bare: GET /bare/v1/
[2026-06-23T22:57:24.600Z] [SERVER] GET /bare/v1/ -> 200 (bare: true ) host: localhost:8080 content-type: unknown
[2026-06-23T22:57:24.811Z] [SERVER-BARE] ROUTING to bare: GET /bare/v1/
[2026-06-23T22:57:24.970Z] [SERVER] GET /bare/v1/ -> 200 (bare: true ) host: localhost:8080 content-type: unknown
[2026-06-23T22:57:25.010Z] [SERVER] GET /uv/uv.bundle.js -> 304 (bare: false ) host: localhost:8080 content-type: unknown
[2026-06-23T22:57:25.012Z] [SERVER] GET /uv/uv.client.js -> 304 (bare: false ) host: localhost:8080 content-type: unknown
[2026-06-23T22:57:25.012Z] [SERVER-BARE] ROUTING to bare: GET /bare/v1/
[2026-06-23T22:57:25.014Z] [SERVER] GET /uv/uv.config.js -> 304 (bare: false ) host: localhost:8080 content-type: unknown
[2026-06-23T22:57:25.015Z] [SERVER] GET /uv/uv.handler.js -> 304 (bare: false ) host: localhost:8080 content-type: unknown
[2026-06-23T22:57:25.103Z] [SERVER] GET /bare/v1/ -> 200 (bare: true ) host: localhost:8080 content-type: unknown
[2026-06-23T22:57:25.252Z] [SERVER-BARE] ROUTING to bare: GET /bare/v1/
[2026-06-23T22:57:25.333Z] [SERVER] GET /bare/v1/ -> 200 (bare: true ) host: localhost:8080 content-type: unknown
[2026-06-23T22:57:25.375Z] [SERVER] GET /uv/uv.bundle.js -> 304 (bare: false ) host: localhost:8080 content-type: unknown
[2026-06-23T22:57:25.376Z] [SERVER] GET /uv/uv.client.js -> 304 (bare: false ) host: localhost:8080 content-type: unknown
[2026-06-23T22:57:25.377Z] [SERVER] GET /uv/uv.config.js -> 304 (bare: false ) host: localhost:8080 content-type: unknown
[2026-06-23T22:57:25.378Z] [SERVER] GET /uv/uv.handler.js -> 304 (bare: false ) host: localhost:8080 content-type: unknown
[2026-06-23T22:57:25.448Z] [SERVER-BARE] ROUTING to bare: POST /bare/v1/
[2026-06-23T22:57:25.474Z] [SERVER-BARE] ROUTING to bare: GET /bare/v1/
[2026-06-23T22:57:25.541Z] [SERVER] POST /bare/v1/ -> 200 (bare: true ) host: localhost:8080 content-type: unknown
[2026-06-23T22:57:25.596Z] [SERVER] GET /bare/v1/ -> 200 (bare: true ) host: localhost:8080 content-type: unknown
[2026-06-23T22:57:25.610Z] [SERVER-BARE] ROUTING to bare: GET /bare/v1/
[2026-06-23T22:57:25.725Z] [SERVER] GET /bare/v1/ -> 200 (bare: true ) host: localhost:8080 content-type: unknown
[2026-06-23T22:57:25.837Z] [SERVER-BARE] ROUTING to bare: GET /bare/v1/
[2026-06-23T22:57:25.982Z] [SERVER-BARE] ROUTING to bare: GET /bare/v1/
[2026-06-23T22:57:26.031Z] [SERVER] GET /bare/v1/ -> 200 (bare: true ) host: localhost:8080 content-type: unknown
[2026-06-23T22:57:26.035Z] [SERVER] GET /bare/v1/ -> 200 (bare: true ) host: localhost:8080 content-type: unknown
[2026-06-23T22:57:26.126Z] [SERVER-BARE] ROUTING to bare: GET /bare/v1/
[2026-06-23T22:57:26.252Z] [SERVER-BARE] ROUTING to bare: GET /bare/v1/
[2026-06-23T22:57:26.355Z] [SERVER] GET /bare/v1/ -> 200 (bare: true ) host: localhost:8080 content-type: unknown
[2026-06-23T22:57:26.527Z] [SERVER] GET /bare/v1/ -> 200 (bare: true ) host: localhost:8080 content-type: unknown
[2026-06-23T22:57:26.528Z] [SERVER-BARE] ROUTING to bare: GET /bare/v1/
[2026-06-23T22:57:26.586Z] [SERVER] GET /bare/v1/ -> 200 (bare: true ) host: localhost:8080 content-type: unknown
[2026-06-23T22:57:26.594Z] [SERVER-BARE] ROUTING to bare: GET /bare/v1/
[2026-06-23T22:57:26.714Z] [SERVER] GET /service/hvtrs8%2F-pcggaf2%2Cgmoelgs%7Bnfiaavimn%2Ccmm-oosfk-rglgaqeq%2Fnite-oowgb%2Fv3.hs -> 404 (bare: false ) host: localhost:8080 content-type: text/html; charset=UTF-8
[2026-06-23T22:57:26.926Z] [SERVER] GET /bare/v1/ -> 200 (bare: true ) host: localhost:8080 content-type: unknown
[2026-06-23T22:57:26.927Z] [SERVER-BARE] ROUTING to bare: GET /bare/v1/
[2026-06-23T22:57:26.950Z] [SERVER-BARE] ROUTING to bare: GET /bare/v1/
[2026-06-23T22:57:26.981Z] [SERVER] GET /bare/v1/ -> 200 (bare: true ) host: localhost:8080 content-type: unknown
[2026-06-23T22:57:27.035Z] [SERVER-BARE] ROUTING to bare: POST /bare/v1/
[2026-06-23T22:57:27.069Z] [SERVER-BARE] ROUTING to bare: GET /bare/v1/
[2026-06-23T22:57:27.076Z] [SERVER] POST /bare/v1/ -> 200 (bare: true ) host: localhost:8080 content-type: unknown
[2026-06-23T22:57:27.086Z] [SERVER] GET /bare/v1/ -> 200 (bare: true ) host: localhost:8080 content-type: unknown
[2026-06-23T22:57:27.100Z] [SERVER-BARE] ROUTING to bare: GET /bare/v1/
[2026-06-23T22:57:27.160Z] [SERVER-BARE] ROUTING to bare: GET /bare/v1/
[2026-06-23T22:57:27.193Z] [SERVER] GET /bare/v1/ -> 200 (bare: true ) host: localhost:8080 content-type: unknown
[2026-06-23T22:57:27.268Z] [SERVER] GET /bare/v1/ -> 200 (bare: true ) host: localhost:8080 content-type: unknown
[2026-06-23T22:57:27.294Z] [SERVER] GET /bare/v1/ -> 200 (bare: true ) host: localhost:8080 content-type: unknown
[2026-06-23T22:57:28.044Z] [SERVER] GET /uv/uv.bundle.js -> 304 (bare: false ) host: localhost:8080 content-type: unknown
[2026-06-23T22:57:28.044Z] [SERVER] GET /uv/uv.client.js -> 304 (bare: false ) host: localhost:8080 content-type: unknown
[2026-06-23T22:57:28.046Z] [SERVER] GET /uv/uv.config.js -> 304 (bare: false ) host: localhost:8080 content-type: unknown
[2026-06-23T22:57:28.047Z] [SERVER] GET /uv/uv.handler.js -> 304 (bare: false ) host: localhost:8080 content-type: unknown
[2026-06-23T22:57:28.232Z] [SERVER-BARE] ROUTING to bare: GET /bare/v1/
[2026-06-23T22:57:28.246Z] [SERVER-BARE] ROUTING to bare: POST /bare/v1/
[2026-06-23T22:57:28.284Z] [SERVER] GET /bare/v1/ -> 200 (bare: true ) host: localhost:8080 content-type: unknown
[2026-06-23T22:57:28.299Z] [SERVER-BARE] ROUTING to bare: GET /bare/v1/
[2026-06-23T22:57:28.307Z] [SERVER] POST /bare/v1/ -> 200 (bare: true ) host: localhost:8080 content-type: unknown
[2026-06-23T22:57:28.341Z] [SERVER] GET /bare/v1/ -> 200 (bare: true ) host: localhost:8080 content-type: unknown
[2026-06-23T22:57:28.383Z] [SERVER-BARE] ROUTING to bare: GET /bare/v1/
[2026-06-23T22:57:28.434Z] [SERVER] GET /bare/v1/ -> 200 (bare: true ) host: localhost:8080 content-type: unknown
[2026-06-23T22:57:28.451Z] [SERVER-BARE] ROUTING to bare: GET /bare/v1/
[2026-06-23T22:57:29.366Z] [SERVER] GET /bare/v1/ -> 200 (bare: true ) host: localhost:8080 content-type: unknown
[2026-06-23T22:57:29.975Z] [SERVER] GET /sw.js -> 304 (bare: false ) host: localhost:8080 content-type: unknown
[2026-06-23T22:57:29.991Z] [SERVER] GET /uv/uv.bundle.js -> 304 (bare: false ) host: localhost:8080 content-type: unknown
[2026-06-23T22:57:30.006Z] [SERVER] GET /uv/uv.config.js -> 304 (bare: false ) host: localhost:8080 content-type: unknown
[2026-06-23T22:57:30.020Z] [SERVER] GET /uv/uv.sw.js -> 304 (bare: false ) host: localhost:8080 content-type: unknown
[2026-06-23T22:57:30.382Z] [SERVER-BARE] ROUTING to bare: GET /bare/v1/
[2026-06-23T22:57:32.441Z] [SERVER] GET /bare/v1/ -> 200 (bare: true ) host: localhost:8080 content-type: unknown
[2026-06-23T22:57:33.251Z] [SERVER-BARE] ROUTING to bare: GET /bare/v1/
[2026-06-23T22:57:34.293Z] [SERVER] GET /bare/v1/ -> 200 (bare: true ) host: localhost:8080 content-type: unknown
[2026-06-23T22:57:34.298Z] [SERVER-BARE] ROUTING to bare: GET /bare/v1/
[2026-06-23T22:57:34.572Z] [SERVER] GET /bare/v1/ -> 200 (bare: true ) host: localhost:8080 content-type: unknown
[2026-06-23T22:57:34.573Z] [SERVER-BARE] ROUTING to bare: GET /bare/v1/
[2026-06-23T22:57:34.834Z] [SERVER] GET /bare/v1/ -> 200 (bare: true ) host: localhost:8080 content-type: unknown
[2026-06-23T22:57:35.878Z] [SERVER] GET /icons/Brave.png -> 304 (bare: false ) host: localhost:8080 content-type: unknown
[2026-06-23T22:57:35.896Z] [SERVER-BARE] ROUTING to bare: GET /bare/v1/
[2026-06-23T22:57:36.148Z] [SERVER] GET /bare/v1/ -> 200 (bare: true ) host: localhost:8080 content-type: unknown
[2026-06-23T22:57:36.239Z] [SERVER] GET /uv/uv.bundle.js -> 304 (bare: false ) host: localhost:8080 content-type: unknown
[2026-06-23T22:57:36.245Z] [SERVER] GET /uv/uv.client.js -> 304 (bare: false ) host: localhost:8080 content-type: unknown
[2026-06-23T22:57:36.257Z] [SERVER] GET /uv/uv.config.js -> 304 (bare: false ) host: localhost:8080 content-type: unknown
[2026-06-23T22:57:36.261Z] [SERVER] GET /uv/uv.handler.js -> 304 (bare: false ) host: localhost:8080 content-type: unknown
[2026-06-23T22:57:36.271Z] [SERVER-BARE] ROUTING to bare: GET /bare/v1/
[2026-06-23T22:57:36.317Z] [SERVER-BARE] ROUTING to bare: GET /bare/v1/
[2026-06-23T22:57:36.375Z] [SERVER] GET /bare/v1/ -> 200 (bare: true ) host: localhost:8080 content-type: unknown
[2026-06-23T22:57:36.456Z] [SERVER-BARE] ROUTING to bare: GET /bare/v1/
[2026-06-23T22:57:36.496Z] [SERVER-BARE] ROUTING to bare: GET /bare/v1/
[2026-06-23T22:57:36.499Z] [SERVER-BARE] ROUTING to bare: GET /bare/v1/
[2026-06-23T22:57:36.504Z] [SERVER-BARE] ROUTING to bare: GET /bare/v1/
[2026-06-23T22:57:36.508Z] [SERVER-BARE] ROUTING to bare: GET /bare/v1/
[2026-06-23T22:57:36.545Z] [SERVER] GET /bare/v1/ -> 200 (bare: true ) host: localhost:8080 content-type: unknown
[2026-06-23T22:57:36.546Z] [SERVER-BARE] ROUTING to bare: GET /bare/v1/
[2026-06-23T22:57:36.561Z] [SERVER] GET /bare/v1/ -> 200 (bare: true ) host: localhost:8080 content-type: unknown
[2026-06-23T22:57:36.564Z] [SERVER-BARE] ROUTING to bare: GET /bare/v1/
[2026-06-23T22:57:36.608Z] [SERVER] GET /bare/v1/ -> 200 (bare: true ) host: localhost:8080 content-type: unknown
[2026-06-23T22:57:36.615Z] [SERVER-BARE] ROUTING to bare: GET /bare/v1/
[2026-06-23T22:57:36.667Z] [SERVER] GET /bare/v1/ -> 200 (bare: true ) host: localhost:8080 content-type: unknown
[2026-06-23T22:57:36.671Z] [SERVER-BARE] ROUTING to bare: GET /bare/v1/
[2026-06-23T22:57:36.719Z] [SERVER] GET /bare/v1/ -> 200 (bare: true ) host: localhost:8080 content-type: unknown
[2026-06-23T22:57:36.722Z] [SERVER] GET /bare/v1/ -> 200 (bare: true ) host: localhost:8080 content-type: unknown
[2026-06-23T22:57:36.723Z] [SERVER-BARE] ROUTING to bare: GET /bare/v1/
[2026-06-23T22:57:36.725Z] [SERVER-BARE] ROUTING to bare: GET /bare/v1/
[2026-06-23T22:57:36.727Z] [SERVER] GET /bare/v1/ -> 200 (bare: true ) host: localhost:8080 content-type: unknown
[2026-06-23T22:57:36.728Z] [SERVER-BARE] ROUTING to bare: GET /bare/v1/
[2026-06-23T22:57:36.734Z] [SERVER] GET /bare/v1/ -> 200 (bare: true ) host: localhost:8080 content-type: unknown
[2026-06-23T22:57:36.734Z] [SERVER-BARE] ROUTING to bare: GET /bare/v1/
[2026-06-23T22:57:36.736Z] [SERVER] GET /bare/v1/ -> 200 (bare: true ) host: localhost:8080 content-type: unknown
[2026-06-23T22:57:36.903Z] [SERVER] GET /bare/v1/ -> 200 (bare: true ) host: localhost:8080 content-type: unknown
[2026-06-23T22:57:36.928Z] [SERVER] GET /bare/v1/ -> 200 (bare: true ) host: localhost:8080 content-type: unknown
[2026-06-23T22:57:37.049Z] [SERVER] GET /bare/v1/ -> 200 (bare: true ) host: localhost:8080 content-type: unknown
[2026-06-23T22:57:37.440Z] [SERVER] GET /bare/v1/ -> 200 (bare: true ) host: localhost:8080 content-type: unknown
[2026-06-23T22:57:37.477Z] [SERVER] GET /bare/v1/ -> 200 (bare: true ) host: localhost:8080 content-type: unknown
[2026-06-23T22:57:38.272Z] [SERVER-BARE] ROUTING to bare: GET /bare/v1/
[2026-06-23T22:57:38.345Z] [SERVER-BARE] ROUTING to bare: GET /bare/v1/
[2026-06-23T22:57:38.381Z] [SERVER] GET /bare/v1/ -> 200 (bare: true ) host: localhost:8080 content-type: unknown
[2026-06-23T22:57:38.409Z] [SERVER] GET /bare/v1/ -> 200 (bare: true ) host: localhost:8080 content-type: unknown
[2026-06-23T22:57:38.489Z] [SERVER-BARE] ROUTING to bare: GET /bare/v1/
[2026-06-23T22:57:38.525Z] [SERVER] GET /bare/v1/ -> 200 (bare: true ) host: localhost:8080 content-type: unknown
[2026-06-23T22:57:38.526Z] [SERVER-BARE] ROUTING to bare: GET /bare/v1/
[2026-06-23T22:57:38.565Z] [SERVER] GET /bare/v1/ -> 200 (bare: true ) host: localhost:8080 content-type: unknown
[2026-06-23T22:57:38.566Z] [SERVER-BARE] ROUTING to bare: GET /bare/v1/
[2026-06-23T22:57:38.618Z] [SERVER-BARE] ROUTING to bare: GET /bare/v1/
[2026-06-23T22:57:38.653Z] [SERVER] GET /bare/v1/ -> 200 (bare: true ) host: localhost:8080 content-type: unknown
[2026-06-23T22:57:38.684Z] [SERVER] GET /bare/v1/ -> 200 (bare: true ) host: localhost:8080 content-type: unknown
[2026-06-23T22:57:38.686Z] [SERVER-BARE] ROUTING to bare: GET /bare/v1/
[2026-06-23T22:57:38.722Z] [SERVER-BARE] ROUTING to bare: GET /bare/v1/
[2026-06-23T22:57:38.750Z] [SERVER] GET /bare/v1/ -> 200 (bare: true ) host: localhost:8080 content-type: unknown
[2026-06-23T22:57:38.767Z] [SERVER-BARE] ROUTING to bare: GET /bare/v1/
[2026-06-23T22:57:38.769Z] [SERVER] GET /bare/v1/ -> 200 (bare: true ) host: localhost:8080 content-type: unknown
[2026-06-23T22:57:38.805Z] [SERVER] GET /bare/v1/ -> 200 (bare: true ) host: localhost:8080 content-type: unknown
[2026-06-23T22:57:38.806Z] [SERVER-BARE] ROUTING to bare: GET /bare/v1/
[2026-06-23T22:57:38.840Z] [SERVER] GET /bare/v1/ -> 200 (bare: true ) host: localhost:8080 content-type: unknown
[2026-06-23T22:57:38.842Z] [SERVER-BARE] ROUTING to bare: GET /bare/v1/
[2026-06-23T22:57:38.882Z] [SERVER-BARE] ROUTING to bare: GET /bare/v1/
[2026-06-23T22:57:38.918Z] [SERVER] GET /bare/v1/ -> 200 (bare: true ) host: localhost:8080 content-type: unknown
[2026-06-23T22:57:38.922Z] [SERVER-BARE] ROUTING to bare: GET /bare/v1/
[2026-06-23T22:57:38.955Z] [SERVER] GET /bare/v1/ -> 200 (bare: true ) host: localhost:8080 content-type: unknown
[2026-06-23T22:57:38.964Z] [SERVER-BARE] ROUTING to bare: GET /bare/v1/
[2026-06-23T22:57:38.995Z] [SERVER] GET /bare/v1/ -> 200 (bare: true ) host: localhost:8080 content-type: unknown
[2026-06-23T22:57:39.011Z] [SERVER] GET /bare/v1/ -> 200 (bare: true ) host: localhost:8080 content-type: unknown
[2026-06-23T22:57:39.016Z] [SERVER-BARE] ROUTING to bare: GET /bare/v1/
[2026-06-23T22:57:39.023Z] [SERVER-BARE] ROUTING to bare: GET /bare/v1/
[2026-06-23T22:57:39.026Z] [SERVER-BARE] ROUTING to bare: GET /bare/v1/
[2026-06-23T22:57:39.027Z] [SERVER-BARE] ROUTING to bare: GET /bare/v1/
[2026-06-23T22:57:39.029Z] [SERVER-BARE] ROUTING to bare: GET /bare/v1/
[2026-06-23T22:57:39.055Z] [SERVER] GET /bare/v1/ -> 200 (bare: true ) host: localhost:8080 content-type: unknown
[2026-06-23T22:57:39.058Z] [SERVER] GET /bare/v1/ -> 200 (bare: true ) host: localhost:8080 content-type: unknown
[2026-06-23T22:57:39.062Z] [SERVER] GET /bare/v1/ -> 200 (bare: true ) host: localhost:8080 content-type: unknown
[2026-06-23T22:57:39.094Z] [SERVER-BARE] ROUTING to bare: GET /bare/v1/
[2026-06-23T22:57:39.147Z] [SERVER-BARE] ROUTING to bare: POST /bare/v1/
[2026-06-23T22:57:39.156Z] [SERVER] GET /bare/v1/ -> 200 (bare: true ) host: localhost:8080 content-type: unknown
[2026-06-23T22:57:39.157Z] [SERVER] GET /bare/v1/ -> 200 (bare: true ) host: localhost:8080 content-type: unknown
[2026-06-23T22:57:39.172Z] [SERVER-BARE] ROUTING to bare: GET /bare/v1/
[2026-06-23T22:57:39.182Z] [SERVER] GET /uv/uv.bundle.js -> 304 (bare: false ) host: localhost:8080 content-type: unknown
[2026-06-23T22:57:39.187Z] [SERVER-BARE] ROUTING to bare: POST /bare/v1/
[2026-06-23T22:57:39.197Z] [SERVER] GET /uv/uv.client.js -> 304 (bare: false ) host: localhost:8080 content-type: unknown
[2026-06-23T22:57:39.210Z] [SERVER] GET /bare/v1/ -> 200 (bare: true ) host: localhost:8080 content-type: unknown
[2026-06-23T22:57:39.212Z] [SERVER-BARE] ROUTING to bare: GET /bare/v1/
[2026-06-23T22:57:39.217Z] [SERVER] GET /uv/uv.config.js -> 304 (bare: false ) host: localhost:8080 content-type: unknown
[2026-06-23T22:57:39.220Z] [SERVER] GET /uv/uv.handler.js -> 304 (bare: false ) host: localhost:8080 content-type: unknown
[2026-06-23T22:57:39.221Z] [SERVER] GET /bare/v1/ -> 200 (bare: true ) host: localhost:8080 content-type: unknown
[2026-06-23T22:57:39.251Z] [SERVER] GET /bare/v1/ -> 200 (bare: true ) host: localhost:8080 content-type: unknown
[2026-06-23T22:57:39.253Z] [SERVER-BARE] ROUTING to bare: GET /bare/v1/
[2026-06-23T22:57:39.286Z] [SERVER] GET /bare/v1/ -> 200 (bare: true ) host: localhost:8080 content-type: unknown
[2026-06-23T22:57:39.287Z] [SERVER-BARE] ROUTING to bare: GET /bare/v1/
[2026-06-23T22:57:39.314Z] [SERVER] POST /bare/v1/ -> 200 (bare: true ) host: localhost:8080 content-type: unknown
[2026-06-23T22:57:39.316Z] [SERVER] POST /bare/v1/ -> 200 (bare: true ) host: localhost:8080 content-type: unknown
[2026-06-23T22:57:39.332Z] [SERVER] GET /bare/v1/ -> 200 (bare: true ) host: localhost:8080 content-type: unknown
[2026-06-23T22:57:39.336Z] [SERVER-BARE] ROUTING to bare: GET /bare/v1/
[2026-06-23T22:57:39.377Z] [SERVER] GET /bare/v1/ -> 200 (bare: true ) host: localhost:8080 content-type: unknown
[2026-06-23T22:57:39.378Z] [SERVER-BARE] ROUTING to bare: GET /bare/v1/
[2026-06-23T22:57:39.412Z] [SERVER] GET /bare/v1/ -> 200 (bare: true ) host: localhost:8080 content-type: unknown
[2026-06-23T22:57:39.413Z] [SERVER-BARE] ROUTING to bare: GET /bare/v1/
[2026-06-23T22:57:39.445Z] [SERVER] GET /bare/v1/ -> 200 (bare: true ) host: localhost:8080 content-type: unknown
[2026-06-23T22:57:39.446Z] [SERVER-BARE] ROUTING to bare: GET /bare/v1/
[2026-06-23T22:57:39.523Z] [SERVER-BARE] ROUTING to bare: POST /bare/v1/
[2026-06-23T22:57:39.534Z] [SERVER-BARE] ROUTING to bare: POST /bare/v1/
[2026-06-23T22:57:39.562Z] [SERVER] POST /bare/v1/ -> 200 (bare: true ) host: localhost:8080 content-type: unknown
[2026-06-23T22:57:39.565Z] [SERVER] GET /bare/v1/ -> 200 (bare: true ) host: localhost:8080 content-type: unknown
[2026-06-23T22:57:39.566Z] [SERVER-BARE] ROUTING to bare: GET /bare/v1/
[2026-06-23T22:57:39.573Z] [SERVER] POST /bare/v1/ -> 200 (bare: true ) host: localhost:8080 content-type: unknown
[2026-06-23T22:57:39.574Z] [SERVER-BARE] ROUTING to bare: POST /bare/v1/
[2026-06-23T22:57:39.603Z] [SERVER] GET /bare/v1/ -> 200 (bare: true ) host: localhost:8080 content-type: unknown
[2026-06-23T22:57:39.606Z] [SERVER-BARE] ROUTING to bare: GET /bare/v1/
[2026-06-23T22:57:39.614Z] [SERVER] POST /bare/v1/ -> 200 (bare: true ) host: localhost:8080 content-type: unknown
[2026-06-23T22:57:39.627Z] [SERVER-BARE] ROUTING to bare: GET /bare/v1/
[2026-06-23T22:57:39.639Z] [SERVER] GET /bare/v1/ -> 200 (bare: true ) host: localhost:8080 content-type: unknown
[2026-06-23T22:57:39.653Z] [SERVER-BARE] ROUTING to bare: GET /bare/v1/
[2026-06-23T22:57:39.656Z] [SERVER-BARE] ROUTING to bare: GET /bare/v1/
[2026-06-23T22:57:39.660Z] [SERVER-BARE] ROUTING to bare: GET /bare/v1/
[2026-06-23T22:57:39.665Z] [SERVER-BARE] ROUTING to bare: GET /bare/v1/
[2026-06-23T22:57:39.670Z] [SERVER-BARE] ROUTING to bare: GET /bare/v1/
[2026-06-23T22:57:39.688Z] [SERVER] GET /bare/v1/ -> 200 (bare: true ) host: localhost:8080 content-type: unknown
[2026-06-23T22:57:39.716Z] [SERVER-BARE] ROUTING to bare: POST /bare/v1/
[2026-06-23T22:57:39.735Z] [SERVER] GET /bare/v1/ -> 200 (bare: true ) host: localhost:8080 content-type: unknown
[2026-06-23T22:57:39.741Z] [SERVER-BARE] ROUTING to bare: POST /bare/v1/
[2026-06-23T22:57:39.751Z] [SERVER] POST /bare/v1/ -> 200 (bare: true ) host: localhost:8080 content-type: unknown
[2026-06-23T22:57:39.757Z] [SERVER-BARE] ROUTING to bare: POST /bare/v1/
[2026-06-23T22:57:39.771Z] [SERVER] GET /bare/v1/ -> 200 (bare: true ) host: localhost:8080 content-type: unknown
[2026-06-23T22:57:39.772Z] [SERVER] GET /bare/v1/ -> 200 (bare: true ) host: localhost:8080 content-type: unknown
[2026-06-23T22:57:39.776Z] [SERVER] POST /bare/v1/ -> 200 (bare: true ) host: localhost:8080 content-type: unknown
[2026-06-23T22:57:39.778Z] [SERVER] GET /bare/v1/ -> 200 (bare: true ) host: localhost:8080 content-type: unknown
[2026-06-23T22:57:39.780Z] [SERVER-BARE] ROUTING to bare: POST /bare/v1/
[2026-06-23T22:57:39.785Z] [SERVER] GET /bare/v1/ -> 200 (bare: true ) host: localhost:8080 content-type: unknown
[2026-06-23T22:57:39.790Z] [SERVER-BARE] ROUTING to bare: POST /bare/v1/
[2026-06-23T22:57:39.795Z] [SERVER-BARE] ROUTING to bare: POST /bare/v1/
[2026-06-23T22:57:39.801Z] [SERVER] POST /bare/v1/ -> 200 (bare: true ) host: localhost:8080 content-type: unknown
[2026-06-23T22:57:39.802Z] [SERVER-BARE] ROUTING to bare: POST /bare/v1/
[2026-06-23T22:57:39.805Z] [SERVER-BARE] ROUTING to bare: POST /bare/v1/
[2026-06-23T22:57:39.815Z] [SERVER] POST /bare/v1/ -> 200 (bare: true ) host: localhost:8080 content-type: unknown
[2026-06-23T22:57:39.815Z] [SERVER-BARE] ROUTING to bare: POST /bare/v1/
[2026-06-23T22:57:39.823Z] [SERVER-BARE] ROUTING to bare: POST /bare/v1/
[2026-06-23T22:57:39.838Z] [SERVER] POST /bare/v1/ -> 200 (bare: true ) host: localhost:8080 content-type: unknown
[2026-06-23T22:57:39.846Z] [SERVER-BARE] ROUTING to bare: POST /bare/v1/
[2026-06-23T22:57:39.856Z] [SERVER] POST /bare/v1/ -> 200 (bare: true ) host: localhost:8080 content-type: unknown
[2026-06-23T22:57:39.862Z] [SERVER-BARE] ROUTING to bare: POST /bare/v1/
[2026-06-23T22:57:39.884Z] [SERVER] POST /bare/v1/ -> 200 (bare: true ) host: localhost:8080 content-type: unknown
[2026-06-23T22:57:39.891Z] [SERVER-BARE] ROUTING to bare: POST /bare/v1/
[2026-06-23T22:57:39.896Z] [SERVER] POST /bare/v1/ -> 200 (bare: true ) host: localhost:8080 content-type: unknown
[2026-06-23T22:57:39.903Z] [SERVER-BARE] ROUTING to bare: POST /bare/v1/
[2026-06-23T22:57:39.909Z] [SERVER] POST /bare/v1/ -> 200 (bare: true ) host: localhost:8080 content-type: unknown
[2026-06-23T22:57:39.915Z] [SERVER-BARE] ROUTING to bare: POST /bare/v1/
[2026-06-23T22:57:39.918Z] [SERVER] POST /bare/v1/ -> 200 (bare: true ) host: localhost:8080 content-type: unknown
[2026-06-23T22:57:39.922Z] [SERVER] POST /bare/v1/ -> 200 (bare: true ) host: localhost:8080 content-type: unknown
[2026-06-23T22:57:39.923Z] [SERVER] POST /bare/v1/ -> 200 (bare: true ) host: localhost:8080 content-type: unknown
[2026-06-23T22:57:39.935Z] [SERVER-BARE] ROUTING to bare: POST /bare/v1/
[2026-06-23T22:57:39.937Z] [SERVER-BARE] ROUTING to bare: POST /bare/v1/
[2026-06-23T22:57:39.940Z] [SERVER-BARE] ROUTING to bare: POST /bare/v1/
[2026-06-23T22:57:39.944Z] [SERVER] POST /bare/v1/ -> 200 (bare: true ) host: localhost:8080 content-type: unknown
[2026-06-23T22:57:39.946Z] [SERVER] POST /bare/v1/ -> 200 (bare: true ) host: localhost:8080 content-type: unknown
[2026-06-23T22:57:39.948Z] [SERVER] POST /bare/v1/ -> 200 (bare: true ) host: localhost:8080 content-type: unknown
[2026-06-23T22:57:39.967Z] [SERVER] POST /bare/v1/ -> 200 (bare: true ) host: localhost:8080 content-type: unknown
[2026-06-23T22:57:39.971Z] [SERVER] POST /bare/v1/ -> 200 (bare: true ) host: localhost:8080 content-type: unknown
[2026-06-23T22:57:39.975Z] [SERVER] POST /bare/v1/ -> 200 (bare: true ) host: localhost:8080 content-type: unknown
[2026-06-23T22:57:40.850Z] [SERVER-BARE] ROUTING to bare: POST /bare/v1/
[2026-06-23T22:57:40.881Z] [SERVER-BARE] ROUTING to bare: POST /bare/v1/
[2026-06-23T22:57:40.884Z] [SERVER-BARE] ROUTING to bare: POST /bare/v1/
[2026-06-23T22:57:40.889Z] [SERVER] POST /bare/v1/ -> 200 (bare: true ) host: localhost:8080 content-type: unknown
[2026-06-23T22:57:40.915Z] [SERVER] POST /bare/v1/ -> 200 (bare: true ) host: localhost:8080 content-type: unknown
[2026-06-23T22:57:40.921Z] [SERVER] POST /bare/v1/ -> 200 (bare: true ) host: localhost:8080 content-type: unknown
[2026-06-23T22:57:41.632Z] [SERVER] GET /sw.js -> 304 (bare: false ) host: localhost:8080 content-type: unknown
[2026-06-23T22:57:41.647Z] [SERVER] GET /uv/uv.bundle.js -> 304 (bare: false ) host: localhost:8080 content-type: unknown
[2026-06-23T22:57:41.663Z] [SERVER] GET /uv/uv.config.js -> 304 (bare: false ) host: localhost:8080 content-type: unknown
[2026-06-23T22:57:41.681Z] [SERVER] GET /uv/uv.sw.js -> 304 (bare: false ) host: localhost:8080 content-type: unknown
